<?xml version="1.0" encoding="UTF-8"?>
<testsuite name="TestSuite" time="0.019" tests="19" errors="0" skipped="0" failures="0">
  <properties>
[...]
</properties>
  <testcase name="testLogin" classname="TestXunit.LoginTest" time="0.006"/>
  <testcase name="testLogin" classname="TestXunit.LoginTest" time="0"/>
  <testcase name="testLogin" classname="TestXunit.LoginTest" time="0"/>
  <testcase name="testLogin" classname="TestXunit.LoginTest" time="0"/>
  <testcase name="testGetPrice" classname="TestXunit.ShoppingTest" time="0.002"/>
  <testcase name="testGetPrice" classname="TestXunit.ShoppingTest" time="0.001"/>
  <testcase name="testGetPrice" classname="TestXunit.ShoppingTest" time="0.004"/>
  <testcase name="testGetPrice" classname="TestXunit.ShoppingTest" time="0.002"/>
  <testcase name="testShoppingBuys" classname="TestXunit.ShoppingBuysTest" time="0"/>
  <testcase name="testShoppingBuys" classname="TestXunit.ShoppingBuysTest" time="0.001"/>
  <testcase name="testShoppingBuys" classname="TestXunit.ShoppingBuysTest" time="0.001"/>
  <testcase name="testShoppingBuys" classname="TestXunit.ShoppingBuysTest" time="0"/>
  <testcase name="testShoppingBuys" classname="TestXunit.ShoppingBuysTest" time="0.001"/>
  <testcase name="testShoppingBuys" classname="TestXunit.ShoppingBuysTest" time="0"/>
  <testcase name="testShoppingBuys" classname="TestXunit.ShoppingBuysTest" time="0"/>
  <testcase name="testShoppingBuys" classname="TestXunit.ShoppingBuysTest" time="0"/>
  <testcase name="testShoppingBuys" classname="TestXunit.ShoppingBuysTest" time="0"/>
  <testcase name="testShoppingBuys" classname="TestXunit.ShoppingBuysTest" time="0.001"/>
  <testcase name="testShoppingBuys" classname="TestXunit.ShoppingBuysTest" time="0"/>
</testsuite>